<?xml version="1.0" encoding="UTF-8"?>
<robot generator="Robot 3.2.1 (Python 3.8.1 on win32)" generated="20200902 22:31:04.467" rpa="false">
<suite id="s1" name="Teste TestSuite" source="C:\Users\PICHAU\Google Drive\Engenharia da Computação\8º Semestre\Tópicos em Linguagem de Programação\Ex3\TestSuite\Teste_TestSuite.robot">
<test id="s1-t1" name="Test title">
<kw name="Acesso Site" library="Teste_Keywords">
<kw name="Open Browser" library="SeleniumLibrary">
<doc>Opens a new browser instance to the optional ``url``.</doc>
<arguments>
<arg>${TRAVELURL}</arg>
<arg>${BROWSER}</arg>
<arg>options=add_argument("--incognito")</arg>
</arguments>
<msg timestamp="20200902 22:31:04.704" level="INFO">Opening browser 'chrome' to base url 'https://www.hurb.com/br/'.</msg>
<status status="PASS" starttime="20200902 22:31:04.703" endtime="20200902 22:31:09.483"></status>
</kw>
<kw name="Maximize Browser Window" library="SeleniumLibrary">
<doc>Maximizes current browser window.</doc>
<status status="PASS" starttime="20200902 22:31:09.483" endtime="20200902 22:31:11.631"></status>
</kw>
<kw name="Go To" library="SeleniumLibrary">
<doc>Navigates the current browser window to the provided ``url``.</doc>
<arguments>
<arg>${TRAVELURL}</arg>
</arguments>
<msg timestamp="20200902 22:31:11.632" level="INFO">Opening url 'https://www.hurb.com/br/'</msg>
<status status="PASS" starttime="20200902 22:31:11.631" endtime="20200902 22:31:12.426"></status>
</kw>
<status status="PASS" starttime="20200902 22:31:04.703" endtime="20200902 22:31:12.427"></status>
</kw>
<kw name="Busca Site" library="Teste_Keywords">
<kw name="Input Text" library="SeleniumLibrary">
<doc>Types the given ``text`` into the text field identified by ``locator``.</doc>
<arguments>
<arg>${BUSCASITE}</arg>
<arg>${BUSCASITEVALUE1}</arg>
</arguments>
<msg timestamp="20200902 22:31:12.428" level="INFO">Typing text 'Nova Iorque, Estados Unidos' into text field '//*[@id="downshift-0-input"]'.</msg>
<status status="PASS" starttime="20200902 22:31:12.428" endtime="20200902 22:31:12.869"></status>
</kw>
<kw name="Press Keys" library="SeleniumLibrary">
<doc>Simulates the user pressing key(s) to an element or on the active browser.</doc>
<arguments>
<arg>${BUSCASITE}</arg>
<arg>TAB</arg>
</arguments>
<msg timestamp="20200902 22:31:12.870" level="INFO">Sending key(s) ('TAB',) to //*[@id="downshift-0-input"] element.</msg>
<msg timestamp="20200902 22:31:13.170" level="INFO">Pressing special key TAB to element.</msg>
<msg timestamp="20200902 22:31:13.170" level="INFO">Releasing special key TAB.</msg>
<status status="PASS" starttime="20200902 22:31:12.870" endtime="20200902 22:31:13.185"></status>
</kw>
<kw name="Click Element" library="SeleniumLibrary">
<doc>Click the element identified by ``locator``.</doc>
<arguments>
<arg>${BUSCADATE1}</arg>
</arguments>
<msg timestamp="20200902 22:31:13.185" level="INFO">Clicking element '//*[@name="startDate"]'.</msg>
<status status="PASS" starttime="20200902 22:31:13.185" endtime="20200902 22:31:13.459"></status>
</kw>
<kw name="Click Element" library="SeleniumLibrary">
<doc>Click the element identified by ``locator``.</doc>
<arguments>
<arg>${BUSCADATE2}</arg>
</arguments>
<msg timestamp="20200902 22:31:13.460" level="INFO">Clicking element '//*[@aria-label="Choose Quarta-feira, 2 de Setembro de 2020 as your check-in date. It’s available."]'.</msg>
<status status="PASS" starttime="20200902 22:31:13.459" endtime="20200902 22:31:13.646"></status>
</kw>
<kw name="Click Element" library="SeleniumLibrary">
<doc>Click the element identified by ``locator``.</doc>
<arguments>
<arg>${BUSCADATE3}</arg>
</arguments>
<msg timestamp="20200902 22:31:13.647" level="INFO">Clicking element '//*[@aria-label="Choose Quarta-feira, 9 de Setembro de 2020 as your check-out date. It’s available."]'.</msg>
<status status="PASS" starttime="20200902 22:31:13.647" endtime="20200902 22:31:13.740"></status>
</kw>
<kw name="Click Element" library="SeleniumLibrary">
<doc>Click the element identified by ``locator``.</doc>
<arguments>
<arg>${PESQUISAR}</arg>
</arguments>
<msg timestamp="20200902 22:31:13.741" level="INFO">Clicking element '//*[@class="hrc-2odzf hrc-3ReFs hrc-dwzWd hrc-2tfuB hrc-1O3dX hrc-3vAUE hrc-POxrQ"]'.</msg>
<status status="PASS" starttime="20200902 22:31:13.740" endtime="20200902 22:31:14.742"></status>
</kw>
<kw name="Wait Until Page Contains Element" library="SeleniumLibrary">
<doc>Waits until the element ``locator`` appears on the current page.</doc>
<arguments>
<arg>${RESULT}</arg>
</arguments>
<status status="PASS" starttime="20200902 22:31:14.742" endtime="20200902 22:31:14.952"></status>
</kw>
<kw name="Capture Page Screenshot" library="SeleniumLibrary">
<doc>Takes a screenshot of the current page and embeds it into a log file.</doc>
<msg timestamp="20200902 22:31:15.616" level="INFO" html="yes">&lt;/td&gt;&lt;/tr&gt;&lt;tr&gt;&lt;td colspan="3"&gt;&lt;a href="selenium-screenshot-20.png"&gt;&lt;img src="selenium-screenshot-20.png" width="800px"&gt;&lt;/a&gt;</msg>
<status status="PASS" starttime="20200902 22:31:14.952" endtime="20200902 22:31:15.617"></status>
</kw>
<status status="PASS" starttime="20200902 22:31:12.427" endtime="20200902 22:31:15.617"></status>
</kw>
<tags>
<tag>Teste1</tag>
</tags>
<status status="PASS" starttime="20200902 22:31:04.702" endtime="20200902 22:31:15.617" critical="yes"></status>
</test>
<doc>Suite description</doc>
<status status="PASS" starttime="20200902 22:31:04.469" endtime="20200902 22:31:15.619"></status>
</suite>
<statistics>
<total>
<stat pass="1" fail="0">Critical Tests</stat>
<stat pass="1" fail="0">All Tests</stat>
</total>
<tag>
<stat pass="1" fail="0">Teste1</stat>
</tag>
<suite>
<stat pass="1" fail="0" id="s1" name="Teste TestSuite">Teste TestSuite</stat>
</suite>
</statistics>
<errors>
<msg timestamp="20200902 22:31:04.698" level="ERROR">Error in file 'C:\Users\PICHAU\Google Drive\Engenharia da Computação\8º Semestre\Tópicos em Linguagem de Programação\Ex3\Functions\Teste_Keywords.robot' on line 4: Error in file 'C:\Users\PICHAU\Google Drive\Engenharia da Computação\8º Semestre\Tópicos em Linguagem de Programação\Ex3\TestSuite\Teste_TestSuite.robot' on line 8: Resource file with 'Test Cases' section is invalid.</msg>
<msg timestamp="20200902 22:31:04.700" level="ERROR">Error in file 'C:\Users\PICHAU\Google Drive\Engenharia da Computação\8º Semestre\Tópicos em Linguagem de Programação\Ex3\Functions\Teste_Keywords.robot' on line 5: Resource file '..\Functions\Teste_InputData.robot' does not exist.</msg>
</errors>
</robot>
